1534461660344	geckodriver	INFO	geckodriver 0.21.0
1534461660358	geckodriver	INFO	Listening on 127.0.0.1:53898
1534461663417	mozrunner::runner	INFO	Running command: "C:\\Program Files\\Mozilla Firefox\\firefox.exe" "-marionette" "-foreground" "-no-remote" "-profile" "C:\\Users\\redbi\\AppData\\Local\\Temp\\rust_mozprofile.ZFr0ZHLIQDaU"
1534461809063	geckodriver	INFO	geckodriver 0.21.0
1534461809070	geckodriver	INFO	Listening on 127.0.0.1:53952
1534461812131	mozrunner::runner	INFO	Running command: "C:\\Program Files\\Mozilla Firefox\\firefox.exe" "-marionette" "-foreground" "-no-remote" "-profile" "C:\\Users\\redbi\\AppData\\Local\\Temp\\rust_mozprofile.GNAeAEmtatFE"
Unable to read VR Path Registry from C:\Users\redbi\AppData\Local\openvr\openvrpaths.vrpath
Unable to read VR Path Registry from C:\Users\redbi\AppData\Local\openvr\openvrpaths.vrpath
Unable to read VR Path Registry from C:\Users\redbi\AppData\Local\openvr\openvrpaths.vrpath
Unable to read VR Path Registry from C:\Users\redbi\AppData\Local\openvr\openvrpaths.vrpath
Unable to read VR Path Registry from C:\Users\redbi\AppData\Local\openvr\openvrpaths.vrpath
1534461813777	Marionette	INFO	Listening on port 53960
1534461814258	Marionette	WARN	TLS certificate errors will be ignored for this session
[Parent 4080, Gecko_IOThread] WARNING: pipe error: 109: file z:/build/build/src/ipc/chromium/src/chrome/common/ipc_channel_win.cc, line 346
[Parent 4080, Gecko_IOThread] WARNING: pipe error: 109: file z:/build/build/src/ipc/chromium/src/chrome/common/ipc_channel_win.cc, line 346
[Child 2244, Chrome_ChildThread] WARNING: pipe error: 109: file z:/build/build/src/ipc/chromium/src/chrome/common/ipc_channel_win.cc, line 346
[Child 2244, Chro[GP
###!!! [Child][MessageChannel::SendAndWait] Error: Channel error: cannot send/recv

1534463563549	geckodriver	INFO	geckodriver 0.21.0
1534463563555	geckodriver	INFO	Listening on 127.0.0.1:54345
1534463566635	mozrunner::runner	INFO	Running command: "C:\\Program Files\\Mozilla Firefox\\firefox.exe" "-marionette" "-foreground" "-no-remote" "-profile" "C:\\Users\\redbi\\AppData\\Local\\Temp\\rust_mozprofile.4vhOzFdijGOy"
Unable to read VR Path Registry from C:\Users\redbi\AppData\Local\openvr\openvrpaths.vrpath
Unable to read VR Path Registry from C:\Users\redbi\AppData\Local\openvr\openvrpaths.vrpath
Unable to read VR Path Registry from C:\Users\redbi\AppData\Local\openvr\openvrpaths.vrpath
Unable to read VR Path Registry from C:\Users\redbi\AppData\Local\openvr\openvrpaths.vrpath
Unable to read VR Path Registry from C:\Users\redbi\AppData\Local\openvr\openvrpaths.vrpath
1534463568226	Marionette	INFO	Listening on port 54354
1534463568271	Marionette	WARN	TLS certificate errors will be ignored for this session
[Parent 12232, Gecko_IOThread] WARNING: pipe error: 109: file z:/build/build/src/ipc/chromium/src/chrome/common/ipc_channel_win.cc, line 346
[Parent 12232, Gecko_IOThread] WARNING: pipe error: 109: file z:/build/build/src/ipc/chromium/src/chrome/common/ipc_channel_win.cc, line 346
[Child 11268, Chrome_ChildThread] WARNING: pipe error: 109: file z:/build/build/src/ipc/chromium/src/chrome/common/ipc_channel_win.cc, line 346
[Child 11268, Chrome_ChildThread] WARNING: [GPU
###!!! [Child][MessageChannel::SendAndWait] Error: Channel error: cannot send/recv

